TN:
SF:src/app/appServices/ReserveVehicle.ts
FN:16,ReserveVehicle
FN:29,Object.<anonymous>.ReserveVehicle.execute
FNF:2
FNH:2
FNDA:2,ReserveVehicle
FNDA:2,Object.<anonymous>.ReserveVehicle.execute
DA:1,1
DA:2,1
DA:3,1
DA:4,1
DA:5,1
DA:6,1
DA:7,1
DA:8,1
DA:9,1
DA:10,1
DA:11,1
DA:12,1
DA:13,1
DA:14,1
DA:15,1
DA:16,1
DA:17,2
DA:18,2
DA:19,2
DA:20,2
DA:21,2
DA:22,2
DA:23,2
DA:24,2
DA:25,2
DA:26,2
DA:27,2
DA:28,1
DA:29,1
DA:30,2
DA:31,2
DA:32,2
DA:33,2
DA:34,2
DA:35,2
DA:36,2
DA:37,2
DA:38,2
DA:39,1
DA:40,2
DA:41,2
DA:42,2
DA:43,2
DA:44,2
DA:45,2
DA:46,2
DA:47,2
DA:48,2
DA:49,2
DA:50,2
DA:51,2
DA:52,1
LF:52
LH:52
BRDA:9,0,0,1
BRDA:16,1,0,2
BRDA:29,2,0,2
BRDA:35,3,0,0
BRDA:36,4,0,0
BRDA:37,5,0,0
BRDA:38,6,0,1
BRF:7
BRH:4
end_of_record
TN:
SF:src/app/appServices/SellVehicle.ts
FN:16,SellVehicle
FN:29,Object.<anonymous>.SellVehicle.execute
FNF:2
FNH:2
FNDA:2,SellVehicle
FNDA:2,Object.<anonymous>.SellVehicle.execute
DA:1,1
DA:2,1
DA:3,1
DA:4,1
DA:5,1
DA:6,1
DA:7,1
DA:8,1
DA:9,1
DA:10,1
DA:11,1
DA:12,1
DA:13,1
DA:14,1
DA:15,1
DA:16,1
DA:17,2
DA:18,2
DA:19,2
DA:20,2
DA:21,2
DA:22,2
DA:23,2
DA:24,2
DA:25,2
DA:26,2
DA:27,2
DA:28,1
DA:29,1
DA:30,2
DA:31,2
DA:32,2
DA:33,2
DA:34,2
DA:35,2
DA:36,2
DA:37,2
DA:38,2
DA:39,1
DA:40,2
DA:41,2
DA:42,2
DA:43,2
DA:44,2
DA:45,2
DA:46,2
DA:47,2
DA:48,2
DA:49,2
DA:50,1
LF:50
LH:50
BRDA:9,0,0,1
BRDA:16,1,0,2
BRDA:29,2,0,2
BRDA:35,3,0,0
BRDA:36,4,0,0
BRDA:37,5,0,0
BRDA:38,6,0,1
BRF:7
BRH:4
end_of_record
TN:
SF:src/domain/entities/Admin.ts
FN:4,Admin
FNF:1
FNH:1
FNDA:1,Admin
DA:1,1
DA:2,1
DA:3,1
DA:4,1
DA:5,1
DA:6,1
DA:7,1
LF:7
LH:7
BRDA:3,0,0,1
BRDA:4,1,0,1
BRF:2
BRH:2
end_of_record
TN:
SF:src/domain/entities/Costumer.ts
FN:4,Costumer
FNF:1
FNH:1
FNDA:5,Costumer
DA:1,1
DA:2,1
DA:3,3
DA:4,3
DA:5,5
DA:6,5
DA:7,3
LF:7
LH:7
BRDA:3,0,0,3
BRDA:4,1,0,5
BRF:2
BRH:2
end_of_record
TN:
SF:src/domain/entities/Employee.ts
FN:7,Employee
FNF:1
FNH:1
FNDA:5,Employee
DA:1,1
DA:2,1
DA:3,3
DA:4,3
DA:5,3
DA:6,3
DA:7,3
DA:8,5
DA:9,5
DA:10,5
DA:11,5
DA:12,3
LF:12
LH:12
BRDA:3,0,0,3
BRDA:7,1,0,5
BRF:2
BRH:2
end_of_record
TN:
SF:src/domain/entities/ReservationOrder.ts
FN:11,ReservationOrder
FN:21,Object.<anonymous>.ReservationOrder.getReservationPrice
FNF:2
FNH:2
FNDA:5,ReservationOrder
FNDA:3,Object.<anonymous>.ReservationOrder.getReservationPrice
DA:1,1
DA:2,1
DA:3,2
DA:4,2
DA:5,2
DA:6,2
DA:7,2
DA:8,2
DA:9,2
DA:10,2
DA:11,2
DA:12,5
DA:13,5
DA:14,5
DA:15,5
DA:16,5
DA:17,5
DA:18,5
DA:19,5
DA:20,2
DA:21,2
DA:22,3
DA:23,1
DA:24,1
DA:25,3
DA:26,0
DA:27,0
DA:28,3
DA:29,2
DA:30,2
DA:31,3
DA:32,3
DA:33,2
LF:33
LH:31
BRDA:3,0,0,2
BRDA:11,1,0,5
BRDA:21,2,0,3
BRDA:22,3,0,1
BRDA:25,4,0,2
BRDA:25,5,0,0
BRDA:28,6,0,2
BRF:7
BRH:6
end_of_record
TN:
SF:src/domain/entities/SellOrder.ts
FN:10,SellOrder
FNF:1
FNH:1
FNDA:3,SellOrder
DA:1,1
DA:2,1
DA:3,2
DA:4,2
DA:5,2
DA:6,2
DA:7,2
DA:8,2
DA:9,2
DA:10,2
DA:11,3
DA:12,3
DA:13,3
DA:14,3
DA:15,3
DA:16,3
DA:17,3
DA:18,3
DA:19,2
LF:19
LH:19
BRDA:3,0,0,2
BRDA:10,1,0,3
BRF:2
BRH:2
end_of_record
TN:
SF:src/domain/entities/User.ts
FN:10,User
FNF:1
FNH:1
FNDA:11,User
DA:1,1
DA:2,1
DA:3,3
DA:4,3
DA:5,3
DA:6,3
DA:7,3
DA:8,3
DA:9,3
DA:10,3
DA:11,11
DA:12,3
DA:13,3
DA:14,11
DA:15,11
DA:16,11
DA:17,11
DA:18,11
DA:19,11
DA:20,3
LF:20
LH:20
BRDA:3,0,0,3
BRDA:10,1,0,11
BRDA:11,2,0,3
BRF:3
BRH:3
end_of_record
TN:
SF:src/domain/entities/Vehicle.ts
FN:14,Vehicle
FNF:1
FNH:1
FNDA:9,Vehicle
DA:1,1
DA:2,1
DA:3,3
DA:4,3
DA:5,3
DA:6,3
DA:7,3
DA:8,3
DA:9,3
DA:10,3
DA:11,3
DA:12,3
DA:13,3
DA:14,3
DA:15,9
DA:16,1
DA:17,1
DA:18,9
DA:19,9
DA:20,9
DA:21,9
DA:22,9
DA:23,9
DA:24,9
DA:25,9
DA:26,9
DA:27,9
DA:28,3
DA:29,3
LF:29
LH:29
BRDA:3,0,0,3
BRDA:14,1,0,9
BRDA:15,2,0,1
BRF:3
BRH:3
end_of_record
TN:
SF:src/domain/services/DateFormatter.ts
FN:3,DateFormatter
FN:4,Object.<anonymous>.DateFormatter.formatDate
FNF:2
FNH:1
FNDA:0,DateFormatter
FNDA:4,Object.<anonymous>.DateFormatter.formatDate
DA:1,1
DA:2,1
DA:3,0
DA:4,0
DA:5,4
DA:6,4
DA:7,0
LF:7
LH:4
BRDA:3,0,0,2
BRDA:4,1,0,4
BRF:2
BRH:2
end_of_record
TN:
SF:src/domain/services/UuidSetter.ts
FN:3,UUidSetter
FN:4,Object.<anonymous>.UUidSetter.setId
FNF:2
FNH:1
FNDA:0,UUidSetter
FNDA:12,Object.<anonymous>.UUidSetter.setId
DA:1,1
DA:2,1
DA:3,0
DA:4,0
DA:5,12
DA:6,12
DA:7,0
LF:7
LH:4
BRDA:3,0,0,6
BRDA:4,1,0,12
BRF:2
BRH:2
end_of_record
TN:
SF:src/infra/repositories/inMemory/CostumerRepositoryInMemory.ts
FN:7,CostumerRepositoryInMemory
FN:11,Object.<anonymous>.CostumerRepositoryInMemory.findById
FNF:2
FNH:2
FNDA:4,CostumerRepositoryInMemory
FNDA:4,Object.<anonymous>.CostumerRepositoryInMemory.findById
DA:1,1
DA:2,1
DA:3,1
DA:4,2
DA:5,2
DA:6,2
DA:7,2
DA:8,4
DA:9,4
DA:10,2
DA:11,2
DA:12,4
DA:13,4
DA:14,2
DA:15,2
LF:15
LH:15
BRDA:4,0,0,2
BRDA:7,1,0,4
BRDA:11,2,0,4
BRDA:12,3,0,4
BRF:4
BRH:4
end_of_record
TN:
SF:src/infra/repositories/inMemory/EmployeeRepositoryInMemory.ts
FN:7,EmployeeRepositoryInMemory
FN:11,Object.<anonymous>.EmployeeRepositoryInMemory.findById
FNF:2
FNH:2
FNDA:4,EmployeeRepositoryInMemory
FNDA:4,Object.<anonymous>.EmployeeRepositoryInMemory.findById
DA:1,1
DA:2,1
DA:3,1
DA:4,2
DA:5,2
DA:6,2
DA:7,2
DA:8,4
DA:9,4
DA:10,2
DA:11,2
DA:12,4
DA:13,4
DA:14,2
DA:15,2
LF:15
LH:15
BRDA:4,0,0,2
BRDA:7,1,0,4
BRDA:11,2,0,4
BRDA:12,3,0,4
BRF:4
BRH:4
end_of_record
TN:
SF:src/infra/repositories/inMemory/ReservationOrderRepositoryInMemory.ts
FN:7,ReservationOrderRepositoryInMemory
FN:11,Object.<anonymous>.ReservationOrderRepositoryInMemory.save
FNF:2
FNH:2
FNDA:2,ReservationOrderRepositoryInMemory
FNDA:1,Object.<anonymous>.ReservationOrderRepositoryInMemory.save
DA:1,1
DA:2,1
DA:3,1
DA:4,1
DA:5,1
DA:6,1
DA:7,1
DA:8,2
DA:9,2
DA:10,1
DA:11,1
DA:12,1
DA:13,1
DA:14,1
DA:15,1
LF:15
LH:15
BRDA:4,0,0,1
BRDA:7,1,0,2
BRDA:11,2,0,1
BRF:3
BRH:3
end_of_record
TN:
SF:src/infra/repositories/inMemory/SellOrderRepositoryInMemory.ts
FN:7,SellOrderRepositoryInMemory
FN:11,Object.<anonymous>.SellOrderRepositoryInMemory.save
FNF:2
FNH:2
FNDA:2,SellOrderRepositoryInMemory
FNDA:1,Object.<anonymous>.SellOrderRepositoryInMemory.save
DA:1,1
DA:2,1
DA:3,1
DA:4,1
DA:5,1
DA:6,1
DA:7,1
DA:8,2
DA:9,2
DA:10,1
DA:11,1
DA:12,1
DA:13,1
DA:14,1
DA:15,1
LF:15
LH:15
BRDA:4,0,0,1
BRDA:7,1,0,2
BRDA:11,2,0,1
BRF:3
BRH:3
end_of_record
TN:
SF:src/infra/repositories/inMemory/VehicleRepositoryInMemory.ts
FN:7,VehicleRepositoryInMemory
FN:14,Object.<anonymous>.VehicleRepositoryInMemory.findById
FN:18,Object.<anonymous>.VehicleRepositoryInMemory.updateStatus
FNF:3
FNH:3
FNDA:4,VehicleRepositoryInMemory
FNDA:4,Object.<anonymous>.VehicleRepositoryInMemory.findById
FNDA:2,Object.<anonymous>.VehicleRepositoryInMemory.updateStatus
DA:1,1
DA:2,1
DA:3,1
DA:4,2
DA:5,2
DA:6,2
DA:7,2
DA:8,4
DA:9,4
DA:10,4
DA:11,4
DA:12,4
DA:13,2
DA:14,2
DA:15,4
DA:16,4
DA:17,2
DA:18,2
DA:19,2
DA:20,2
DA:21,2
DA:22,2
DA:23,2
LF:23
LH:23
BRDA:4,0,0,2
BRDA:7,1,0,4
BRDA:14,2,0,4
BRDA:15,3,0,6
BRDA:18,4,0,2
BRDA:19,5,0,2
BRF:6
BRH:6
end_of_record
